# JRE version: Java(TM) SE Runtime Environment (8.0_162-b12) (build 1.8.0_162-b12)
# Java VM: Java HotSpot(TM) 64-Bit Server VM (25.162-b12 mixed mode windows-amd64 compressed oops)
Heap:
 PSYoungGen      total 124928K, used 20979K [0x00000000e0980000, 0x00000000eb080000, 0x0000000100000000)
  eden space 108544K, 5% used [0x00000000e0980000,0x00000000e0fcffc8,0x00000000e7380000)
  from space 16384K, 88% used [0x00000000e7380000,0x00000000e81acc58,0x00000000e8380000)
  to   space 17920K, 0% used [0x00000000e9f00000,0x00000000e9f00000,0x00000000eb080000)
 ParOldGen       total 80384K, used 33637K [0x00000000a1c00000, 0x00000000a6a80000, 0x00000000e0980000)
  object space 80384K, 41% used [0x00000000a1c00000,0x00000000a3cd97a0,0x00000000a6a80000)
 Metaspace       used 52133K, capacity 53574K, committed 53760K, reserved 1095680K
  class space    used 7044K, capacity 7420K, committed 7424K, reserved 1048576K
GC Heap History (10 events):
Event: 5.355 GC heap before
{Heap before GC invocations=11 (full 2):
 PSYoungGen      total 83456K, used 8684K [0x00000000e0980000, 0x00000000e7d80000, 0x0000000100000000)
  eden space 74752K, 0% used [0x00000000e0980000,0x00000000e0980000,0x00000000e5280000)
  from space 8704K, 99% used [0x00000000e5280000,0x00000000e5afb2c0,0x00000000e5b00000)
  to   space 10752K, 0% used [0x00000000e7300000,0x00000000e7300000,0x00000000e7d80000)
 ParOldGen       total 52224K, used 15194K [0x00000000a1c00000, 0x00000000a4f00000, 0x00000000e0980000)
  object space 52224K, 29% used [0x00000000a1c00000,0x00000000a2ad6ba8,0x00000000a4f00000)
 Metaspace       used 34476K, capacity 35170K, committed 35456K, reserved 1079296K
  class space    used 4636K, capacity 4912K, committed 4992K, reserved 1048576K
Event: 5.446 GC heap after
Heap after GC invocations=11 (full 2):
 PSYoungGen      total 83456K, used 0K [0x00000000e0980000, 0x00000000e7d80000, 0x0000000100000000)
  eden space 74752K, 0% used [0x00000000e0980000,0x00000000e0980000,0x00000000e5280000)
  from space 8704K, 0% used [0x00000000e5280000,0x00000000e5280000,0x00000000e5b00000)
  to   space 10752K, 0% used [0x00000000e7300000,0x00000000e7300000,0x00000000e7d80000)
 ParOldGen       total 80384K, used 18376K [0x00000000a1c00000, 0x00000000a6a80000, 0x00000000e0980000)
  object space 80384K, 22% used [0x00000000a1c00000,0x00000000a2df2020,0x00000000a6a80000)
 Metaspace       used 34420K, capacity 35050K, committed 35456K, reserved 1079296K
  class space    used 4619K, capacity 4872K, committed 4992K, reserved 1048576K
}
Event: 5.956 GC heap before
{Heap before GC invocations=12 (full 2):
 PSYoungGen      total 83456K, used 74752K [0x00000000e0980000, 0x00000000e7d80000, 0x0000000100000000)
  eden space 74752K, 100% used [0x00000000e0980000,0x00000000e5280000,0x00000000e5280000)
  from space 8704K, 0% used [0x00000000e5280000,0x00000000e5280000,0x00000000e5b00000)
  to   space 10752K, 0% used [0x00000000e7300000,0x00000000e7300000,0x00000000e7d80000)
 ParOldGen       total 80384K, used 18376K [0x00000000a1c00000, 0x00000000a6a80000, 0x00000000e0980000)
  object space 80384K, 22% used [0x00000000a1c00000,0x00000000a2df2020,0x00000000a6a80000)
 Metaspace       used 37757K, capacity 38500K, committed 38912K, reserved 1083392K
  class space    used 5057K, capacity 5291K, committed 5376K, reserved 1048576K
Event: 5.966 GC heap after
Heap after GC invocations=12 (full 2):
 PSYoungGen      total 100352K, used 8511K [0x00000000e0980000, 0x00000000e7b80000, 0x0000000100000000)
  eden space 91648K, 0% used [0x00000000e0980000,0x00000000e0980000,0x00000000e6300000)
  from space 8704K, 97% used [0x00000000e7300000,0x00000000e7b4fd38,0x00000000e7b80000)
  to   space 10752K, 0% used [0x00000000e6680000,0x00000000e6680000,0x00000000e7100000)
 ParOldGen       total 80384K, used 18384K [0x00000000a1c00000, 0x00000000a6a80000, 0x00000000e0980000)
  object space 80384K, 22% used [0x00000000a1c00000,0x00000000a2df4020,0x00000000a6a80000)
 Metaspace       used 37757K, capacity 38500K, committed 38912K, reserved 1083392K
  class space    used 5057K, capacity 5291K, committed 5376K, reserved 1048576K
}
Event: 6.841 GC heap before
{Heap before GC invocations=13 (full 2):
 PSYoungGen      total 100352K, used 100159K [0x00000000e0980000, 0x00000000e7b80000, 0x0000000100000000)
  eden space 91648K, 100% used [0x00000000e0980000,0x00000000e6300000,0x00000000e6300000)
  from space 8704K, 97% used [0x00000000e7300000,0x00000000e7b4fd38,0x00000000e7b80000)
  to   space 10752K, 0% used [0x00000000e6680000,0x00000000e6680000,0x00000000e7100000)
 ParOldGen       total 80384K, used 18384K [0x00000000a1c00000, 0x00000000a6a80000, 0x00000000e0980000)
  object space 80384K, 22% used [0x00000000a1c00000,0x00000000a2df4020,0x00000000a6a80000)
 Metaspace       used 44268K, capacity 45142K, committed 45696K, reserved 1089536K
  class space    used 5901K, capacity 6170K, committed 6272K, reserved 1048576K
Event: 6.853 GC heap after
Heap after GC invocations=13 (full 2):
 PSYoungGen      total 105984K, used 10727K [0x00000000e0980000, 0x00000000e9000000, 0x0000000100000000)
  eden space 95232K, 0% used [0x00000000e0980000,0x00000000e0980000,0x00000000e6680000)
  from space 10752K, 99% used [0x00000000e6680000,0x00000000e70f9e18,0x00000000e7100000)
  to   space 12800K, 0% used [0x00000000e8380000,0x00000000e8380000,0x00000000e9000000)
 ParOldGen       total 80384K, used 20715K [0x00000000a1c00000, 0x00000000a6a80000, 0x00000000e0980000)
  object space 80384K, 25% used [0x00000000a1c00000,0x00000000a303af90,0x00000000a6a80000)
 Metaspace       used 44268K, capacity 45142K, committed 45696K, reserved 1089536K
  class space    used 5901K, capacity 6170K, committed 6272K, reserved 1048576K
}
Event: 7.826 GC heap before
{Heap before GC invocations=14 (full 2):
 PSYoungGen      total 105984K, used 105959K [0x00000000e0980000, 0x00000000e9000000, 0x0000000100000000)
  eden space 95232K, 100% used [0x00000000e0980000,0x00000000e6680000,0x00000000e6680000)
  from space 10752K, 99% used [0x00000000e6680000,0x00000000e70f9e18,0x00000000e7100000)
  to   space 12800K, 0% used [0x00000000e8380000,0x00000000e8380000,0x00000000e9000000)
 ParOldGen       total 80384K, used 20715K [0x00000000a1c00000, 0x00000000a6a80000, 0x00000000e0980000)
  object space 80384K, 25% used [0x00000000a1c00000,0x00000000a303af90,0x00000000a6a80000)
 Metaspace       used 49272K, capacity 50468K, committed 50816K, reserved 1093632K
  class space    used 6641K, capacity 6973K, committed 7040K, reserved 1048576K
Event: 7.838 GC heap after
Heap after GC invocations=14 (full 2):
 PSYoungGen      total 121344K, used 12768K [0x00000000e0980000, 0x00000000e9b00000, 0x0000000100000000)
  eden space 108544K, 0% used [0x00000000e0980000,0x00000000e0980000,0x00000000e7380000)
  from space 12800K, 99% used [0x00000000e8380000,0x00000000e8ff8018,0x00000000e9000000)
  to   space 16384K, 0% used [0x00000000e7380000,0x00000000e7380000,0x00000000e8380000)
 ParOldGen       total 80384K, used 26023K [0x00000000a1c00000, 0x00000000a6a80000, 0x00000000e0980000)
  object space 80384K, 32% used [0x00000000a1c00000,0x00000000a3569ff8,0x00000000a6a80000)
 Metaspace       used 49272K, capacity 50468K, committed 50816K, reserved 1093632K
  class space    used 6641K, capacity 6973K, committed 7040K, reserved 1048576K
}
Event: 8.620 GC heap before
{Heap before GC invocations=15 (full 2):
 PSYoungGen      total 121344K, used 121312K [0x00000000e0980000, 0x00000000e9b00000, 0x0000000100000000)
  eden space 108544K, 100% used [0x00000000e0980000,0x00000000e7380000,0x00000000e7380000)
  from space 12800K, 99% used [0x00000000e8380000,0x00000000e8ff8018,0x00000000e9000000)
  to   space 16384K, 0% used [0x00000000e7380000,0x00000000e7380000,0x00000000e8380000)
 ParOldGen       total 80384K, used 26023K [0x00000000a1c00000, 0x00000000a6a80000, 0x00000000e0980000)
  object space 80384K, 32% used [0x00000000a1c00000,0x00000000a3569ff8,0x00000000a6a80000)
 Metaspace       used 52125K, capacity 53574K, committed 53760K, reserved 1095680K
  class space    used 7044K, capacity 7420K, committed 7424K, reserved 1048576K
Event: 8.640 GC heap after
Heap after GC invocations=15 (full 2):
 PSYoungGen      total 124928K, used 14515K [0x00000000e0980000, 0x00000000eb080000, 0x0000000100000000)
  eden space 108544K, 0% used [0x00000000e0980000,0x00000000e0980000,0x00000000e7380000)
  from space 16384K, 88% used [0x00000000e7380000,0x00000000e81acc58,0x00000000e8380000)
  to   space 17920K, 0% used [0x00000000e9f00000,0x00000000e9f00000,0x00000000eb080000)
 ParOldGen       total 80384K, used 33637K [0x00000000a1c00000, 0x00000000a6a80000, 0x00000000e0980000)
  object space 80384K, 41% used [0x00000000a1c00000,0x00000000a3cd97a0,0x00000000a6a80000)
 Metaspace       used 52125K, capacity 53574K, committed 53760K, reserved 1095680K
  class space    used 7044K, capacity 7420K, committed 7424K, reserved 1048576K
}

